[WARN ] [2019-08-14 09:33:03,003] Going to buffer response body of large or unknown size. Using getResponseBodyAsStream instead is recommended. org.apache.commons.httpclient.HttpMethodBase org.apache.commons.httpclient.HttpMethodBase.getResponseBody(HttpMethodBase.java:682) main
[WARN ] [2019-08-14 09:33:04,004] Going to buffer response body of large or unknown size. Using getResponseBodyAsStream instead is recommended. org.apache.commons.httpclient.HttpMethodBase org.apache.commons.httpclient.HttpMethodBase.getResponseBody(HttpMethodBase.java:682) main
[WARN ] [2019-08-14 09:33:33,033] Going to buffer response body of large or unknown size. Using getResponseBodyAsStream instead is recommended. org.apache.commons.httpclient.HttpMethodBase org.apache.commons.httpclient.HttpMethodBase.getResponseBody(HttpMethodBase.java:682) main
[ERROR] [2019-08-14 09:33:33,033] Method failed: HTTP/1.1 401 Unauthorized zz.pseas.ghost.login.core.net.GhostClinetUtil zz.pseas.ghost.login.core.net.GhostClinetUtil.get(GhostClinetUtil.java:120) main
[WARN ] [2019-08-14 09:37:10,010] Going to buffer response body of large or unknown size. Using getResponseBodyAsStream instead is recommended. org.apache.commons.httpclient.HttpMethodBase org.apache.commons.httpclient.HttpMethodBase.getResponseBody(HttpMethodBase.java:682) main
[WARN ] [2019-08-14 09:37:11,011] Going to buffer response body of large or unknown size. Using getResponseBodyAsStream instead is recommended. org.apache.commons.httpclient.HttpMethodBase org.apache.commons.httpclient.HttpMethodBase.getResponseBody(HttpMethodBase.java:682) main
[WARN ] [2019-08-14 09:37:19,019] Going to buffer response body of large or unknown size. Using getResponseBodyAsStream instead is recommended. org.apache.commons.httpclient.HttpMethodBase org.apache.commons.httpclient.HttpMethodBase.getResponseBody(HttpMethodBase.java:682) main
[ERROR] [2019-08-14 09:37:19,019] Method failed: HTTP/1.1 401 Unauthorized zz.pseas.ghost.login.core.net.GhostClinetUtil zz.pseas.ghost.login.core.net.GhostClinetUtil.get(GhostClinetUtil.java:120) main
[WARN ] [2019-08-14 09:39:16,016] Going to buffer response body of large or unknown size. Using getResponseBodyAsStream instead is recommended. org.apache.commons.httpclient.HttpMethodBase org.apache.commons.httpclient.HttpMethodBase.getResponseBody(HttpMethodBase.java:682) main
[WARN ] [2019-08-14 09:39:17,017] Going to buffer response body of large or unknown size. Using getResponseBodyAsStream instead is recommended. org.apache.commons.httpclient.HttpMethodBase org.apache.commons.httpclient.HttpMethodBase.getResponseBody(HttpMethodBase.java:682) main
[WARN ] [2019-08-14 09:39:26,026] Going to buffer response body of large or unknown size. Using getResponseBodyAsStream instead is recommended. org.apache.commons.httpclient.HttpMethodBase org.apache.commons.httpclient.HttpMethodBase.getResponseBody(HttpMethodBase.java:682) main
[ERROR] [2019-08-14 09:39:26,026] Method failed: HTTP/1.1 401 Unauthorized zz.pseas.ghost.login.core.net.GhostClinetUtil zz.pseas.ghost.login.core.net.GhostClinetUtil.get(GhostClinetUtil.java:120) main
[ERROR] [2019-08-14 09:51:10,010] Certificate for <email.163.com> doesn't match any of the subject alternative names: [*.mail.163.com] zz.pseas.ghost.utils.HttpClientHelper zz.pseas.ghost.utils.HttpClientHelper.get(HttpClientHelper.java:129) main
[WARN ] [2019-08-14 09:51:10,010] Cookie rejected [JSESSIONID="8DC3F0C7B78789812FC1C6DD5DC3CEF6", version:0, domain:mail.163.com, path:/contact163/, expiry:null] Illegal 'path' attribute "/contact163/". Path of origin: "/contacts/call.do" org.apache.http.client.protocol.ResponseProcessCookies org.apache.http.client.protocol.ResponseProcessCookies.processCookies(ResponseProcessCookies.java:122) main
[WARN ] [2019-08-14 09:57:37,037] Going to buffer response body of large or unknown size. Using getResponseBodyAsStream instead is recommended. org.apache.commons.httpclient.HttpMethodBase org.apache.commons.httpclient.HttpMethodBase.getResponseBody(HttpMethodBase.java:682) main
[WARN ] [2019-08-14 09:57:38,038] Going to buffer response body of large or unknown size. Using getResponseBodyAsStream instead is recommended. org.apache.commons.httpclient.HttpMethodBase org.apache.commons.httpclient.HttpMethodBase.getResponseBody(HttpMethodBase.java:682) main
[WARN ] [2019-08-14 09:57:42,042] Going to buffer response body of large or unknown size. Using getResponseBodyAsStream instead is recommended. org.apache.commons.httpclient.HttpMethodBase org.apache.commons.httpclient.HttpMethodBase.getResponseBody(HttpMethodBase.java:682) main
[ERROR] [2019-08-14 09:57:42,042] Method failed: HTTP/1.1 401 Unauthorized zz.pseas.ghost.login.core.net.GhostClinetUtil zz.pseas.ghost.login.core.net.GhostClinetUtil.get(GhostClinetUtil.java:120) main
[WARN ] [2019-08-14 09:59:43,043] Going to buffer response body of large or unknown size. Using getResponseBodyAsStream instead is recommended. org.apache.commons.httpclient.HttpMethodBase org.apache.commons.httpclient.HttpMethodBase.getResponseBody(HttpMethodBase.java:682) main
[WARN ] [2019-08-14 09:59:44,044] Going to buffer response body of large or unknown size. Using getResponseBodyAsStream instead is recommended. org.apache.commons.httpclient.HttpMethodBase org.apache.commons.httpclient.HttpMethodBase.getResponseBody(HttpMethodBase.java:682) main
[WARN ] [2019-08-14 09:59:54,054] Going to buffer response body of large or unknown size. Using getResponseBodyAsStream instead is recommended. org.apache.commons.httpclient.HttpMethodBase org.apache.commons.httpclient.HttpMethodBase.getResponseBody(HttpMethodBase.java:682) main
[ERROR] [2019-08-14 09:59:54,054] Method failed: HTTP/1.1 401 Unauthorized zz.pseas.ghost.login.core.net.GhostClinetUtil zz.pseas.ghost.login.core.net.GhostClinetUtil.get(GhostClinetUtil.java:120) main
[WARN ] [2019-08-14 10:02:09,009] Going to buffer response body of large or unknown size. Using getResponseBodyAsStream instead is recommended. org.apache.commons.httpclient.HttpMethodBase org.apache.commons.httpclient.HttpMethodBase.getResponseBody(HttpMethodBase.java:682) main
[WARN ] [2019-08-14 10:02:10,010] Going to buffer response body of large or unknown size. Using getResponseBodyAsStream instead is recommended. org.apache.commons.httpclient.HttpMethodBase org.apache.commons.httpclient.HttpMethodBase.getResponseBody(HttpMethodBase.java:682) main
[WARN ] [2019-08-14 10:02:23,023] Going to buffer response body of large or unknown size. Using getResponseBodyAsStream instead is recommended. org.apache.commons.httpclient.HttpMethodBase org.apache.commons.httpclient.HttpMethodBase.getResponseBody(HttpMethodBase.java:682) main
[ERROR] [2019-08-14 10:02:24,024] Method failed: HTTP/1.1 401 Unauthorized zz.pseas.ghost.login.core.net.GhostClinetUtil zz.pseas.ghost.login.core.net.GhostClinetUtil.get(GhostClinetUtil.java:120) main
[ERROR] [2019-08-14 10:07:32,032] Certificate for <email.163.com> doesn't match any of the subject alternative names: [*.mail.163.com] zz.pseas.ghost.utils.HttpClientHelper zz.pseas.ghost.utils.HttpClientHelper.get(HttpClientHelper.java:129) main
[WARN ] [2019-08-14 10:07:33,033] Cookie rejected [JSESSIONID="F69BBFB181D1EB8E512BD1C08DAA79F0", version:0, domain:mail.163.com, path:/contact163/, expiry:null] Illegal 'path' attribute "/contact163/". Path of origin: "/contacts/call.do" org.apache.http.client.protocol.ResponseProcessCookies org.apache.http.client.protocol.ResponseProcessCookies.processCookies(ResponseProcessCookies.java:122) main
[ERROR] [2019-08-14 10:19:54,054] Certificate for <email.163.com> doesn't match any of the subject alternative names: [*.mail.163.com] zz.pseas.ghost.utils.HttpClientHelper zz.pseas.ghost.utils.HttpClientHelper.get(HttpClientHelper.java:129) main
[WARN ] [2019-08-14 10:19:55,055] Cookie rejected [JSESSIONID="52A6E653DB1742AA82702F58B688FD32", version:0, domain:mail.163.com, path:/contact163/, expiry:null] Illegal 'path' attribute "/contact163/". Path of origin: "/contacts/call.do" org.apache.http.client.protocol.ResponseProcessCookies org.apache.http.client.protocol.ResponseProcessCookies.processCookies(ResponseProcessCookies.java:122) main
[WARN ] [2019-08-14 10:39:44,044] Going to buffer response body of large or unknown size. Using getResponseBodyAsStream instead is recommended. org.apache.commons.httpclient.HttpMethodBase org.apache.commons.httpclient.HttpMethodBase.getResponseBody(HttpMethodBase.java:682) main
[WARN ] [2019-08-14 10:39:45,045] Going to buffer response body of large or unknown size. Using getResponseBodyAsStream instead is recommended. org.apache.commons.httpclient.HttpMethodBase org.apache.commons.httpclient.HttpMethodBase.getResponseBody(HttpMethodBase.java:682) main
[WARN ] [2019-08-14 10:39:53,053] Going to buffer response body of large or unknown size. Using getResponseBodyAsStream instead is recommended. org.apache.commons.httpclient.HttpMethodBase org.apache.commons.httpclient.HttpMethodBase.getResponseBody(HttpMethodBase.java:682) main
[ERROR] [2019-08-14 10:39:53,053] Method failed: HTTP/1.1 401 Unauthorized zz.pseas.ghost.login.core.net.GhostClinetUtil zz.pseas.ghost.login.core.net.GhostClinetUtil.get(GhostClinetUtil.java:120) main
[ERROR] [2019-08-14 10:47:00,000] Certificate for <email.163.com> doesn't match any of the subject alternative names: [*.mail.163.com] zz.pseas.ghost.utils.HttpClientHelper zz.pseas.ghost.utils.HttpClientHelper.get(HttpClientHelper.java:129) main
[WARN ] [2019-08-14 10:47:01,001] Cookie rejected [JSESSIONID="04E6839F54C41976B7E2EE659C77B1A9", version:0, domain:mail.163.com, path:/contact163/, expiry:null] Illegal 'path' attribute "/contact163/". Path of origin: "/contacts/call.do" org.apache.http.client.protocol.ResponseProcessCookies org.apache.http.client.protocol.ResponseProcessCookies.processCookies(ResponseProcessCookies.java:122) main
[WARN ] [2019-08-14 11:54:42,042] Going to buffer response body of large or unknown size. Using getResponseBodyAsStream instead is recommended. org.apache.commons.httpclient.HttpMethodBase org.apache.commons.httpclient.HttpMethodBase.getResponseBody(HttpMethodBase.java:682) main
[WARN ] [2019-08-14 11:54:43,043] Going to buffer response body of large or unknown size. Using getResponseBodyAsStream instead is recommended. org.apache.commons.httpclient.HttpMethodBase org.apache.commons.httpclient.HttpMethodBase.getResponseBody(HttpMethodBase.java:682) main
[WARN ] [2019-08-14 11:55:28,028] Going to buffer response body of large or unknown size. Using getResponseBodyAsStream instead is recommended. org.apache.commons.httpclient.HttpMethodBase org.apache.commons.httpclient.HttpMethodBase.getResponseBody(HttpMethodBase.java:682) main
[WARN ] [2019-08-14 11:55:29,029] Going to buffer response body of large or unknown size. Using getResponseBodyAsStream instead is recommended. org.apache.commons.httpclient.HttpMethodBase org.apache.commons.httpclient.HttpMethodBase.getResponseBody(HttpMethodBase.java:682) main
[WARN ] [2019-08-14 11:55:35,035] Going to buffer response body of large or unknown size. Using getResponseBodyAsStream instead is recommended. org.apache.commons.httpclient.HttpMethodBase org.apache.commons.httpclient.HttpMethodBase.getResponseBody(HttpMethodBase.java:682) main
[ERROR] [2019-08-14 11:55:35,035] Method failed: HTTP/1.1 401 Unauthorized zz.pseas.ghost.login.core.net.GhostClinetUtil zz.pseas.ghost.login.core.net.GhostClinetUtil.get(GhostClinetUtil.java:120) main
[ERROR] [2019-08-14 14:42:53,053] Certificate for <email.163.com> doesn't match any of the subject alternative names: [*.mail.163.com] zz.pseas.ghost.utils.HttpClientHelper zz.pseas.ghost.utils.HttpClientHelper.get(HttpClientHelper.java:129) main
[WARN ] [2019-08-14 14:42:54,054] Cookie rejected [JSESSIONID="6F8790D060A82CA2E46F43D2FA35AC28", version:0, domain:mail.163.com, path:/contact163/, expiry:null] Illegal 'path' attribute "/contact163/". Path of origin: "/contacts/call.do" org.apache.http.client.protocol.ResponseProcessCookies org.apache.http.client.protocol.ResponseProcessCookies.processCookies(ResponseProcessCookies.java:122) main
[WARN ] [2019-08-14 14:43:23,023] Going to buffer response body of large or unknown size. Using getResponseBodyAsStream instead is recommended. org.apache.commons.httpclient.HttpMethodBase org.apache.commons.httpclient.HttpMethodBase.getResponseBody(HttpMethodBase.java:682) main
[WARN ] [2019-08-14 14:43:23,023] Going to buffer response body of large or unknown size. Using getResponseBodyAsStream instead is recommended. org.apache.commons.httpclient.HttpMethodBase org.apache.commons.httpclient.HttpMethodBase.getResponseBody(HttpMethodBase.java:682) main
[WARN ] [2019-08-14 14:43:24,024] Going to buffer response body of large or unknown size. Using getResponseBodyAsStream instead is recommended. org.apache.commons.httpclient.HttpMethodBase org.apache.commons.httpclient.HttpMethodBase.getResponseBody(HttpMethodBase.java:682) main
[WARN ] [2019-08-14 14:43:30,030] Going to buffer response body of large or unknown size. Using getResponseBodyAsStream instead is recommended. org.apache.commons.httpclient.HttpMethodBase org.apache.commons.httpclient.HttpMethodBase.getResponseBody(HttpMethodBase.java:682) main
[ERROR] [2019-08-14 14:43:30,030] Method failed: HTTP/1.1 401 Unauthorized zz.pseas.ghost.login.core.net.GhostClinetUtil zz.pseas.ghost.login.core.net.GhostClinetUtil.get(GhostClinetUtil.java:120) main
[WARN ] [2019-08-14 15:26:15,015] Going to buffer response body of large or unknown size. Using getResponseBodyAsStream instead is recommended. org.apache.commons.httpclient.HttpMethodBase org.apache.commons.httpclient.HttpMethodBase.getResponseBody(HttpMethodBase.java:682) main
[WARN ] [2019-08-14 15:26:16,016] Going to buffer response body of large or unknown size. Using getResponseBodyAsStream instead is recommended. org.apache.commons.httpclient.HttpMethodBase org.apache.commons.httpclient.HttpMethodBase.getResponseBody(HttpMethodBase.java:682) main
[WARN ] [2019-08-14 15:26:19,019] Going to buffer response body of large or unknown size. Using getResponseBodyAsStream instead is recommended. org.apache.commons.httpclient.HttpMethodBase org.apache.commons.httpclient.HttpMethodBase.getResponseBody(HttpMethodBase.java:682) main
[ERROR] [2019-08-14 15:26:20,020] Method failed: HTTP/1.1 401 Unauthorized zz.pseas.ghost.login.core.net.GhostClinetUtil zz.pseas.ghost.login.core.net.GhostClinetUtil.get(GhostClinetUtil.java:120) main
[WARN ] [2019-08-14 15:28:33,033] Going to buffer response body of large or unknown size. Using getResponseBodyAsStream instead is recommended. org.apache.commons.httpclient.HttpMethodBase org.apache.commons.httpclient.HttpMethodBase.getResponseBody(HttpMethodBase.java:682) main
[WARN ] [2019-08-14 15:28:34,034] Going to buffer response body of large or unknown size. Using getResponseBodyAsStream instead is recommended. org.apache.commons.httpclient.HttpMethodBase org.apache.commons.httpclient.HttpMethodBase.getResponseBody(HttpMethodBase.java:682) main
[WARN ] [2019-08-14 15:28:41,041] Going to buffer response body of large or unknown size. Using getResponseBodyAsStream instead is recommended. org.apache.commons.httpclient.HttpMethodBase org.apache.commons.httpclient.HttpMethodBase.getResponseBody(HttpMethodBase.java:682) main
[ERROR] [2019-08-14 15:28:41,041] Method failed: HTTP/1.1 401 Unauthorized zz.pseas.ghost.login.core.net.GhostClinetUtil zz.pseas.ghost.login.core.net.GhostClinetUtil.get(GhostClinetUtil.java:120) main
[WARN ] [2019-08-14 15:29:59,059] Going to buffer response body of large or unknown size. Using getResponseBodyAsStream instead is recommended. org.apache.commons.httpclient.HttpMethodBase org.apache.commons.httpclient.HttpMethodBase.getResponseBody(HttpMethodBase.java:682) main
[WARN ] [2019-08-14 15:30:01,001] Going to buffer response body of large or unknown size. Using getResponseBodyAsStream instead is recommended. org.apache.commons.httpclient.HttpMethodBase org.apache.commons.httpclient.HttpMethodBase.getResponseBody(HttpMethodBase.java:682) main
[WARN ] [2019-08-14 15:30:05,005] Going to buffer response body of large or unknown size. Using getResponseBodyAsStream instead is recommended. org.apache.commons.httpclient.HttpMethodBase org.apache.commons.httpclient.HttpMethodBase.getResponseBody(HttpMethodBase.java:682) main
[ERROR] [2019-08-14 15:30:05,005] Method failed: HTTP/1.1 401 Unauthorized zz.pseas.ghost.login.core.net.GhostClinetUtil zz.pseas.ghost.login.core.net.GhostClinetUtil.get(GhostClinetUtil.java:120) main
